[Main] OnePlus 7 Pro | Grade A | GSM Unlocked | Nebula Blue | 256 ... | 16 offers | Best: $113.58 CAD
[Alt] Google Pixel 4 XL | 9 offers | Best: $219.99 CAD
[Alt] Samsung Galaxy S10+ | 40 offers | Best: $294.99 CAD
[Main] OnePlus 7 Pro | Grade A | GSM Unlocked | Nebula Blue | 256 ... | 16 offers | Best: $113.58 CAD
[Alt] Google Pixel 3 XL | 40 offers | Best: $141.44 CAD
[Alt] Samsung Galaxy S10+ | 40 offers | Best: $294.99 CAD
[Main] Samsung Galaxy J2 Core (Blue, 1GB RAM, 8GB Storage) : Amazon.in | 1 offers | Best: $0.00 CAD
[Alt] Lava Z61 Pro | 1 offers | Best: $27.36 CAD
[Alt] Xiaomi Redmi Go | 40 offers | Best: $140.00 CAD
[Alt] Xiaomi Redmi Go | 40 offers | Best: $140.00 CAD
[Alt] Nokia 1 Plus | 40 offers | Best: $82.04 CAD
[Alt] Xiaomi Redmi Go | 40 offers | Best: $140.00 CAD
[Alt] Nokia C01 Plus | 10 offers | Best: $209.39 CAD
[Main] OnePlus 7 Pro | Grade A | GSM Unlocked | Nebula Blue | 256 ... | 16 offers | Best: $113.58 CAD
[Alt] Google Pixel 3 XL | 40 offers | Best: $141.44 CAD
[Alt] Samsung Galaxy S10+ | 40 offers | Best: $294.99 CAD
[Main] Droid Razr HD - Wikipedia | 1 offers | Best: $0.00 CAD
[Alt] HTC One X | 18 offers | Best: $30.11 CAD
[Alt] Samsung Galaxy S3 | 40 offers | Best: $68.03 CAD
[Alt] HTC One X | 18 offers | Best: $30.11 CAD
[Alt] Samsung Galaxy S3 | 40 offers | Best: $68.03 CAD
[Alt] HTC One X | 18 offers | Best: $30.11 CAD
[Alt] Samsung Galaxy S3 | 40 offers | Best: $68.03 CAD
[Main] Droid Razr HD - Wikipedia | 1 offers | Best: $0.00 CAD
[Alt] Samsung Galaxy S3 | 40 offers | Best: $68.03 CAD
[Alt] HTC One X | 18 offers | Best: $30.11 CAD
[Alt] HTC One X | 18 offers | Best: $30.11 CAD
[Alt] Samsung Galaxy S3 | 40 offers | Best: $68.03 CAD
[Alt] HTC One X | 18 offers | Best: $30.11 CAD
[Alt] Samsung Galaxy S3 | 40 offers | Best: $68.03 CAD
[Main] OnePlus 7 Pro | Grade A | GSM Unlocked | Nebula Blue | 256 ... | 16 offers | Best: $113.58 CAD
[Alt] Samsung Galaxy S10+ | 40 offers | Best: $294.99 CAD
[Alt] Google Pixel 3 XL | 40 offers | Best: $141.44 CAD
[Alt] Samsung Galaxy S10+ | 40 offers | Best: $294.99 CAD
[Alt] Google Pixel 3 XL | 40 offers | Best: $141.44 CAD
[Main] Droid Razr HD - Wikipedia | 1 offers | Best: $0.00 CAD
[Alt] HTC One X | 18 offers | Best: $30.11 CAD
[Alt] Samsung Galaxy S3 | 40 offers | Best: $68.03 CAD
[Alt] HTC One X | 18 offers | Best: $30.11 CAD
[Alt] Samsung Galaxy S3 | 40 offers | Best: $68.03 CAD
[Alt] HTC One X | 18 offers | Best: $30.11 CAD
[Alt] Samsung Galaxy S3 | 40 offers | Best: $68.03 CAD
